The system is: Linux - 3.10.0-123.el7.x86_64 - x86_64
Compiling the C compiler identification source file "CMakeCCompilerId.c" succeeded.
Compiler: /usr/bin/cc 
Build flags: 
Id flags: 

The output was:
0


Compilation of the C compiler identification source "CMakeCCompilerId.c" produced "a.out"

The C compiler identification is GNU, found in "/root/restbed/build/CMakeFiles/3.3.0/CompilerIdC/a.out"

Compiling the CXX compiler identification source file "CMakeCXXCompilerId.cpp" succeeded.
Compiler: /usr/bin/c++ 
Build flags: 
Id flags: 

The output was:
0


Compilation of the CXX compiler identification source "CMakeCXXCompilerId.cpp" produced "a.out"

The CXX compiler identification is GNU, found in "/root/restbed/build/CMakeFiles/3.3.0/CompilerIdCXX/a.out"

Determining if the C compiler works passed with the following output:
Change Dir: /root/restbed/build/CMakeFiles/CMakeTmp

Run Build Command:"/usr/bin/gmake" "cmTC_5a61a/fast"
/usr/bin/gmake -f CMakeFiles/cmTC_5a61a.dir/build.make CMakeFiles/cmTC_5a61a.dir/build
gmake[1]: Entering directory `/root/restbed/build/CMakeFiles/CMakeTmp'
Building C object CMakeFiles/cmTC_5a61a.dir/testCCompiler.c.o
/usr/bin/cc    -o CMakeFiles/cmTC_5a61a.dir/testCCompiler.c.o   -c /root/restbed/build/CMakeFiles/CMakeTmp/testCCompiler.c
Linking C executable cmTC_5a61a
/usr/local/bin/cmake -E cmake_link_script CMakeFiles/cmTC_5a61a.dir/link.txt --verbose=1
/usr/bin/cc       CMakeFiles/cmTC_5a61a.dir/testCCompiler.c.o  -o cmTC_5a61a -rdynamic 
gmake[1]: Leaving directory `/root/restbed/build/CMakeFiles/CMakeTmp'


Detecting C compiler ABI info compiled with the following output:
Change Dir: /root/restbed/build/CMakeFiles/CMakeTmp

Run Build Command:"/usr/bin/gmake" "cmTC_e8367/fast"
/usr/bin/gmake -f CMakeFiles/cmTC_e8367.dir/build.make CMakeFiles/cmTC_e8367.dir/build
gmake[1]: Entering directory `/root/restbed/build/CMakeFiles/CMakeTmp'
Building C object CMakeFiles/cmTC_e8367.dir/CMakeCCompilerABI.c.o
/usr/bin/cc    -o CMakeFiles/cmTC_e8367.dir/CMakeCCompilerABI.c.o   -c /usr/local/share/cmake-3.3/Modules/CMakeCCompilerABI.c
Linking C executable cmTC_e8367
/usr/local/bin/cmake -E cmake_link_script CMakeFiles/cmTC_e8367.dir/link.txt --verbose=1
/usr/bin/cc      -v CMakeFiles/cmTC_e8367.dir/CMakeCCompilerABI.c.o  -o cmTC_e8367 -rdynamic  
Using built-in specs.
COLLECT_GCC=/usr/bin/cc
COLLECT_LTO_WRAPPER=/usr/libexec/gcc/x86_64-linux-gnu/5.1.0/lto-wrapper
Target: x86_64-linux-gnu
Configured with: ./configure --prefix=/usr --disable-multilib --enable-languages=c,c++ --build=x86_64-linux-gnu
Thread model: posix
gcc version 5.1.0 (GCC) 
COMPILER_PATH=/usr/libexec/gcc/x86_64-linux-gnu/5.1.0/:/usr/libexec/gcc/x86_64-linux-gnu/5.1.0/:/usr/libexec/gcc/x86_64-linux-gnu/:/usr/lib/gcc/x86_64-linux-gnu/5.1.0/:/usr/lib/gcc/x86_64-linux-gnu/
LIBRARY_PATH=/usr/lib/gcc/x86_64-linux-gnu/5.1.0/:/usr/lib/gcc/x86_64-linux-gnu/5.1.0/../../../../lib64/:/lib/../lib64/:/usr/lib/../lib64/:/usr/lib/gcc/x86_64-linux-gnu/5.1.0/../../../:/lib/:/usr/lib/
COLLECT_GCC_OPTIONS='-v' '-o' 'cmTC_e8367' '-rdynamic' '-mtune=generic' '-march=x86-64'
 /usr/libexec/gcc/x86_64-linux-gnu/5.1.0/collect2 -plugin /usr/libexec/gcc/x86_64-linux-gnu/5.1.0/liblto_plugin.so -plugin-opt=/usr/libexec/gcc/x86_64-linux-gnu/5.1.0/lto-wrapper -plugin-opt=-fresolution=/tmp/ccbDcz4y.res -plugin-opt=-pass-through=-lgcc -plugin-opt=-pass-through=-lgcc_s -plugin-opt=-pass-through=-lc -plugin-opt=-pass-through=-lgcc -plugin-opt=-pass-through=-lgcc_s --eh-frame-hdr -m elf_x86_64 -export-dynamic -dynamic-linker /lib64/ld-linux-x86-64.so.2 -o cmTC_e8367 /usr/lib/gcc/x86_64-linux-gnu/5.1.0/../../../../lib64/crt1.o /usr/lib/gcc/x86_64-linux-gnu/5.1.0/../../../../lib64/crti.o /usr/lib/gcc/x86_64-linux-gnu/5.1.0/crtbegin.o -L/usr/lib/gcc/x86_64-linux-gnu/5.1.0 -L/usr/lib/gcc/x86_64-linux-gnu/5.1.0/../../../../lib64 -L/lib/../lib64 -L/usr/lib/../lib64 -L/usr/lib/gcc/x86_64-linux-gnu/5.1.0/../../.. CMakeFiles/cmTC_e8367.dir/CMakeCCompilerABI.c.o -lgcc --as-needed -lgcc_s --no-as-needed -lc -lgcc --as-needed -lgcc_s --no-as-needed /usr/lib/gcc/x86_64-linux-gnu/5.1.0/crtend.o /usr/lib/gcc/x86_64-linux-gnu/5.1.0/../../../../lib64/crtn.o
gmake[1]: Leaving directory `/root/restbed/build/CMakeFiles/CMakeTmp'


Parsed C implicit link information from above output:
  link line regex: [^( *|.*[/\])(ld|([^/\]+-)?ld|collect2)[^/\]*( |$)]
  ignore line: [Change Dir: /root/restbed/build/CMakeFiles/CMakeTmp]
  ignore line: []
  ignore line: [Run Build Command:"/usr/bin/gmake" "cmTC_e8367/fast"]
  ignore line: [/usr/bin/gmake -f CMakeFiles/cmTC_e8367.dir/build.make CMakeFiles/cmTC_e8367.dir/build]
  ignore line: [gmake[1]: Entering directory `/root/restbed/build/CMakeFiles/CMakeTmp']
  ignore line: [Building C object CMakeFiles/cmTC_e8367.dir/CMakeCCompilerABI.c.o]
  ignore line: [/usr/bin/cc    -o CMakeFiles/cmTC_e8367.dir/CMakeCCompilerABI.c.o   -c /usr/local/share/cmake-3.3/Modules/CMakeCCompilerABI.c]
  ignore line: [Linking C executable cmTC_e8367]
  ignore line: [/usr/local/bin/cmake -E cmake_link_script CMakeFiles/cmTC_e8367.dir/link.txt --verbose=1]
  ignore line: [/usr/bin/cc      -v CMakeFiles/cmTC_e8367.dir/CMakeCCompilerABI.c.o  -o cmTC_e8367 -rdynamic  ]
  ignore line: [Using built-in specs.]
  ignore line: [COLLECT_GCC=/usr/bin/cc]
  ignore line: [COLLECT_LTO_WRAPPER=/usr/libexec/gcc/x86_64-linux-gnu/5.1.0/lto-wrapper]
  ignore line: [Target: x86_64-linux-gnu]
  ignore line: [Configured with: ./configure --prefix=/usr --disable-multilib --enable-languages=c,c++ --build=x86_64-linux-gnu]
  ignore line: [Thread model: posix]
  ignore line: [gcc version 5.1.0 (GCC) ]
  ignore line: [COMPILER_PATH=/usr/libexec/gcc/x86_64-linux-gnu/5.1.0/:/usr/libexec/gcc/x86_64-linux-gnu/5.1.0/:/usr/libexec/gcc/x86_64-linux-gnu/:/usr/lib/gcc/x86_64-linux-gnu/5.1.0/:/usr/lib/gcc/x86_64-linux-gnu/]
  ignore line: [LIBRARY_PATH=/usr/lib/gcc/x86_64-linux-gnu/5.1.0/:/usr/lib/gcc/x86_64-linux-gnu/5.1.0/../../../../lib64/:/lib/../lib64/:/usr/lib/../lib64/:/usr/lib/gcc/x86_64-linux-gnu/5.1.0/../../../:/lib/:/usr/lib/]
  ignore line: [COLLECT_GCC_OPTIONS='-v' '-o' 'cmTC_e8367' '-rdynamic' '-mtune=generic' '-march=x86-64']
  link line: [ /usr/libexec/gcc/x86_64-linux-gnu/5.1.0/collect2 -plugin /usr/libexec/gcc/x86_64-linux-gnu/5.1.0/liblto_plugin.so -plugin-opt=/usr/libexec/gcc/x86_64-linux-gnu/5.1.0/lto-wrapper -plugin-opt=-fresolution=/tmp/ccbDcz4y.res -plugin-opt=-pass-through=-lgcc -plugin-opt=-pass-through=-lgcc_s -plugin-opt=-pass-through=-lc -plugin-opt=-pass-through=-lgcc -plugin-opt=-pass-through=-lgcc_s --eh-frame-hdr -m elf_x86_64 -export-dynamic -dynamic-linker /lib64/ld-linux-x86-64.so.2 -o cmTC_e8367 /usr/lib/gcc/x86_64-linux-gnu/5.1.0/../../../../lib64/crt1.o /usr/lib/gcc/x86_64-linux-gnu/5.1.0/../../../../lib64/crti.o /usr/lib/gcc/x86_64-linux-gnu/5.1.0/crtbegin.o -L/usr/lib/gcc/x86_64-linux-gnu/5.1.0 -L/usr/lib/gcc/x86_64-linux-gnu/5.1.0/../../../../lib64 -L/lib/../lib64 -L/usr/lib/../lib64 -L/usr/lib/gcc/x86_64-linux-gnu/5.1.0/../../.. CMakeFiles/cmTC_e8367.dir/CMakeCCompilerABI.c.o -lgcc --as-needed -lgcc_s --no-as-needed -lc -lgcc --as-needed -lgcc_s --no-as-needed /usr/lib/gcc/x86_64-linux-gnu/5.1.0/crtend.o /usr/lib/gcc/x86_64-linux-gnu/5.1.0/../../../../lib64/crtn.o]
    arg [/usr/libexec/gcc/x86_64-linux-gnu/5.1.0/collect2] ==> ignore
    arg [-plugin] ==> ignore
    arg [/usr/libexec/gcc/x86_64-linux-gnu/5.1.0/liblto_plugin.so] ==> ignore
    arg [-plugin-opt=/usr/libexec/gcc/x86_64-linux-gnu/5.1.0/lto-wrapper] ==> ignore
    arg [-plugin-opt=-fresolution=/tmp/ccbDcz4y.res] ==> ignore
    arg [-plugin-opt=-pass-through=-lgcc] ==> ignore
    arg [-plugin-opt=-pass-through=-lgcc_s] ==> ignore
    arg [-plugin-opt=-pass-through=-lc] ==> ignore
    arg [-plugin-opt=-pass-through=-lgcc] ==> ignore
    arg [-plugin-opt=-pass-through=-lgcc_s] ==> ignore
    arg [--eh-frame-hdr] ==> ignore
    arg [-m] ==> ignore
    arg [elf_x86_64] ==> ignore
    arg [-export-dynamic] ==> ignore
    arg [-dynamic-linker] ==> ignore
    arg [/lib64/ld-linux-x86-64.so.2] ==> ignore
    arg [-o] ==> ignore
    arg [cmTC_e8367] ==> ignore
    arg [/usr/lib/gcc/x86_64-linux-gnu/5.1.0/../../../../lib64/crt1.o] ==> ignore
    arg [/usr/lib/gcc/x86_64-linux-gnu/5.1.0/../../../../lib64/crti.o] ==> ignore
    arg [/usr/lib/gcc/x86_64-linux-gnu/5.1.0/crtbegin.o] ==> ignore
    arg [-L/usr/lib/gcc/x86_64-linux-gnu/5.1.0] ==> dir [/usr/lib/gcc/x86_64-linux-gnu/5.1.0]
    arg [-L/usr/lib/gcc/x86_64-linux-gnu/5.1.0/../../../../lib64] ==> dir [/usr/lib/gcc/x86_64-linux-gnu/5.1.0/../../../../lib64]
    arg [-L/lib/../lib64] ==> dir [/lib/../lib64]
    arg [-L/usr/lib/../lib64] ==> dir [/usr/lib/../lib64]
    arg [-L/usr/lib/gcc/x86_64-linux-gnu/5.1.0/../../..] ==> dir [/usr/lib/gcc/x86_64-linux-gnu/5.1.0/../../..]
    arg [CMakeFiles/cmTC_e8367.dir/CMakeCCompilerABI.c.o] ==> ignore
    arg [-lgcc] ==> lib [gcc]
    arg [--as-needed] ==> ignore
    arg [-lgcc_s] ==> lib [gcc_s]
    arg [--no-as-needed] ==> ignore
    arg [-lc] ==> lib [c]
    arg [-lgcc] ==> lib [gcc]
    arg [--as-needed] ==> ignore
    arg [-lgcc_s] ==> lib [gcc_s]
    arg [--no-as-needed] ==> ignore
    arg [/usr/lib/gcc/x86_64-linux-gnu/5.1.0/crtend.o] ==> ignore
    arg [/usr/lib/gcc/x86_64-linux-gnu/5.1.0/../../../../lib64/crtn.o] ==> ignore
  remove lib [gcc]
  remove lib [gcc_s]
  remove lib [gcc]
  remove lib [gcc_s]
  collapse library dir [/usr/lib/gcc/x86_64-linux-gnu/5.1.0] ==> [/usr/lib/gcc/x86_64-linux-gnu/5.1.0]
  collapse library dir [/usr/lib/gcc/x86_64-linux-gnu/5.1.0/../../../../lib64] ==> [/usr/lib64]
  collapse library dir [/lib/../lib64] ==> [/lib64]
  collapse library dir [/usr/lib/../lib64] ==> [/usr/lib64]
  collapse library dir [/usr/lib/gcc/x86_64-linux-gnu/5.1.0/../../..] ==> [/usr/lib]
  implicit libs: [c]
  implicit dirs: [/usr/lib/gcc/x86_64-linux-gnu/5.1.0;/usr/lib64;/lib64;/usr/lib]
  implicit fwks: []




Detecting C [-std=c11] compiler features compiled with the following output:
Change Dir: /root/restbed/build/CMakeFiles/CMakeTmp

Run Build Command:"/usr/bin/gmake" "cmTC_92d75/fast"
/usr/bin/gmake -f CMakeFiles/cmTC_92d75.dir/build.make CMakeFiles/cmTC_92d75.dir/build
gmake[1]: Entering directory `/root/restbed/build/CMakeFiles/CMakeTmp'
Building C object CMakeFiles/cmTC_92d75.dir/feature_tests.c.o
/usr/bin/cc   -std=c11 -o CMakeFiles/cmTC_92d75.dir/feature_tests.c.o   -c /root/restbed/build/CMakeFiles/feature_tests.c
Linking C executable cmTC_92d75
/usr/local/bin/cmake -E cmake_link_script CMakeFiles/cmTC_92d75.dir/link.txt --verbose=1
/usr/bin/cc       CMakeFiles/cmTC_92d75.dir/feature_tests.c.o  -o cmTC_92d75 -rdynamic 
gmake[1]: Leaving directory `/root/restbed/build/CMakeFiles/CMakeTmp'


    Feature record: C_FEATURE:1c_function_prototypes
    Feature record: C_FEATURE:1c_restrict
    Feature record: C_FEATURE:1c_static_assert
    Feature record: C_FEATURE:1c_variadic_macros


Detecting C [-std=c99] compiler features compiled with the following output:
Change Dir: /root/restbed/build/CMakeFiles/CMakeTmp

Run Build Command:"/usr/bin/gmake" "cmTC_abf4b/fast"
/usr/bin/gmake -f CMakeFiles/cmTC_abf4b.dir/build.make CMakeFiles/cmTC_abf4b.dir/build
gmake[1]: Entering directory `/root/restbed/build/CMakeFiles/CMakeTmp'
Building C object CMakeFiles/cmTC_abf4b.dir/feature_tests.c.o
/usr/bin/cc   -std=c99 -o CMakeFiles/cmTC_abf4b.dir/feature_tests.c.o   -c /root/restbed/build/CMakeFiles/feature_tests.c
Linking C executable cmTC_abf4b
/usr/local/bin/cmake -E cmake_link_script CMakeFiles/cmTC_abf4b.dir/link.txt --verbose=1
/usr/bin/cc       CMakeFiles/cmTC_abf4b.dir/feature_tests.c.o  -o cmTC_abf4b -rdynamic 
gmake[1]: Leaving directory `/root/restbed/build/CMakeFiles/CMakeTmp'


    Feature record: C_FEATURE:1c_function_prototypes
    Feature record: C_FEATURE:1c_restrict
    Feature record: C_FEATURE:0c_static_assert
    Feature record: C_FEATURE:1c_variadic_macros


Detecting C [-std=c90] compiler features compiled with the following output:
Change Dir: /root/restbed/build/CMakeFiles/CMakeTmp

Run Build Command:"/usr/bin/gmake" "cmTC_fd9ee/fast"
/usr/bin/gmake -f CMakeFiles/cmTC_fd9ee.dir/build.make CMakeFiles/cmTC_fd9ee.dir/build
gmake[1]: Entering directory `/root/restbed/build/CMakeFiles/CMakeTmp'
Building C object CMakeFiles/cmTC_fd9ee.dir/feature_tests.c.o
/usr/bin/cc   -std=c90 -o CMakeFiles/cmTC_fd9ee.dir/feature_tests.c.o   -c /root/restbed/build/CMakeFiles/feature_tests.c
Linking C executable cmTC_fd9ee
/usr/local/bin/cmake -E cmake_link_script CMakeFiles/cmTC_fd9ee.dir/link.txt --verbose=1
/usr/bin/cc       CMakeFiles/cmTC_fd9ee.dir/feature_tests.c.o  -o cmTC_fd9ee -rdynamic 
gmake[1]: Leaving directory `/root/restbed/build/CMakeFiles/CMakeTmp'


    Feature record: C_FEATURE:1c_function_prototypes
    Feature record: C_FEATURE:0c_restrict
    Feature record: C_FEATURE:0c_static_assert
    Feature record: C_FEATURE:0c_variadic_macros
Determining if the CXX compiler works passed with the following output:
Change Dir: /root/restbed/build/CMakeFiles/CMakeTmp

Run Build Command:"/usr/bin/gmake" "cmTC_43403/fast"
/usr/bin/gmake -f CMakeFiles/cmTC_43403.dir/build.make CMakeFiles/cmTC_43403.dir/build
gmake[1]: Entering directory `/root/restbed/build/CMakeFiles/CMakeTmp'
Building CXX object CMakeFiles/cmTC_43403.dir/testCXXCompiler.cxx.o
/usr/bin/c++     -o CMakeFiles/cmTC_43403.dir/testCXXCompiler.cxx.o -c /root/restbed/build/CMakeFiles/CMakeTmp/testCXXCompiler.cxx
Linking CXX executable cmTC_43403
/usr/local/bin/cmake -E cmake_link_script CMakeFiles/cmTC_43403.dir/link.txt --verbose=1
/usr/bin/c++        CMakeFiles/cmTC_43403.dir/testCXXCompiler.cxx.o  -o cmTC_43403 -rdynamic 
gmake[1]: Leaving directory `/root/restbed/build/CMakeFiles/CMakeTmp'


Detecting CXX compiler ABI info compiled with the following output:
Change Dir: /root/restbed/build/CMakeFiles/CMakeTmp

Run Build Command:"/usr/bin/gmake" "cmTC_854e8/fast"
/usr/bin/gmake -f CMakeFiles/cmTC_854e8.dir/build.make CMakeFiles/cmTC_854e8.dir/build
gmake[1]: Entering directory `/root/restbed/build/CMakeFiles/CMakeTmp'
Building CXX object CMakeFiles/cmTC_854e8.dir/CMakeCXXCompilerABI.cpp.o
/usr/bin/c++     -o CMakeFiles/cmTC_854e8.dir/CMakeCXXCompilerABI.cpp.o -c /usr/local/share/cmake-3.3/Modules/CMakeCXXCompilerABI.cpp
Linking CXX executable cmTC_854e8
/usr/local/bin/cmake -E cmake_link_script CMakeFiles/cmTC_854e8.dir/link.txt --verbose=1
/usr/bin/c++       -v CMakeFiles/cmTC_854e8.dir/CMakeCXXCompilerABI.cpp.o  -o cmTC_854e8 -rdynamic  
Using built-in specs.
COLLECT_GCC=/usr/bin/c++
COLLECT_LTO_WRAPPER=/usr/libexec/gcc/x86_64-linux-gnu/5.1.0/lto-wrapper
Target: x86_64-linux-gnu
Configured with: ./configure --prefix=/usr --disable-multilib --enable-languages=c,c++ --build=x86_64-linux-gnu
Thread model: posix
gcc version 5.1.0 (GCC) 
COMPILER_PATH=/usr/libexec/gcc/x86_64-linux-gnu/5.1.0/:/usr/libexec/gcc/x86_64-linux-gnu/5.1.0/:/usr/libexec/gcc/x86_64-linux-gnu/:/usr/lib/gcc/x86_64-linux-gnu/5.1.0/:/usr/lib/gcc/x86_64-linux-gnu/
LIBRARY_PATH=/usr/lib/gcc/x86_64-linux-gnu/5.1.0/:/usr/lib/gcc/x86_64-linux-gnu/5.1.0/../../../../lib64/:/lib/../lib64/:/usr/lib/../lib64/:/usr/lib/gcc/x86_64-linux-gnu/5.1.0/../../../:/lib/:/usr/lib/
COLLECT_GCC_OPTIONS='-v' '-o' 'cmTC_854e8' '-rdynamic' '-shared-libgcc' '-mtune=generic' '-march=x86-64'
 /usr/libexec/gcc/x86_64-linux-gnu/5.1.0/collect2 -plugin /usr/libexec/gcc/x86_64-linux-gnu/5.1.0/liblto_plugin.so -plugin-opt=/usr/libexec/gcc/x86_64-linux-gnu/5.1.0/lto-wrapper -plugin-opt=-fresolution=/tmp/cchDvUC3.res -plugin-opt=-pass-through=-lgcc_s -plugin-opt=-pass-through=-lgcc -plugin-opt=-pass-through=-lc -plugin-opt=-pass-through=-lgcc_s -plugin-opt=-pass-through=-lgcc --eh-frame-hdr -m elf_x86_64 -export-dynamic -dynamic-linker /lib64/ld-linux-x86-64.so.2 -o cmTC_854e8 /usr/lib/gcc/x86_64-linux-gnu/5.1.0/../../../../lib64/crt1.o /usr/lib/gcc/x86_64-linux-gnu/5.1.0/../../../../lib64/crti.o /usr/lib/gcc/x86_64-linux-gnu/5.1.0/crtbegin.o -L/usr/lib/gcc/x86_64-linux-gnu/5.1.0 -L/usr/lib/gcc/x86_64-linux-gnu/5.1.0/../../../../lib64 -L/lib/../lib64 -L/usr/lib/../lib64 -L/usr/lib/gcc/x86_64-linux-gnu/5.1.0/../../.. CMakeFiles/cmTC_854e8.dir/CMakeCXXCompilerABI.cpp.o -lstdc++ -lm -lgcc_s -lgcc -lc -lgcc_s -lgcc /usr/lib/gcc/x86_64-linux-gnu/5.1.0/crtend.o /usr/lib/gcc/x86_64-linux-gnu/5.1.0/../../../../lib64/crtn.o
gmake[1]: Leaving directory `/root/restbed/build/CMakeFiles/CMakeTmp'


Parsed CXX implicit link information from above output:
  link line regex: [^( *|.*[/\])(ld|([^/\]+-)?ld|collect2)[^/\]*( |$)]
  ignore line: [Change Dir: /root/restbed/build/CMakeFiles/CMakeTmp]
  ignore line: []
  ignore line: [Run Build Command:"/usr/bin/gmake" "cmTC_854e8/fast"]
  ignore line: [/usr/bin/gmake -f CMakeFiles/cmTC_854e8.dir/build.make CMakeFiles/cmTC_854e8.dir/build]
  ignore line: [gmake[1]: Entering directory `/root/restbed/build/CMakeFiles/CMakeTmp']
  ignore line: [Building CXX object CMakeFiles/cmTC_854e8.dir/CMakeCXXCompilerABI.cpp.o]
  ignore line: [/usr/bin/c++     -o CMakeFiles/cmTC_854e8.dir/CMakeCXXCompilerABI.cpp.o -c /usr/local/share/cmake-3.3/Modules/CMakeCXXCompilerABI.cpp]
  ignore line: [Linking CXX executable cmTC_854e8]
  ignore line: [/usr/local/bin/cmake -E cmake_link_script CMakeFiles/cmTC_854e8.dir/link.txt --verbose=1]
  ignore line: [/usr/bin/c++       -v CMakeFiles/cmTC_854e8.dir/CMakeCXXCompilerABI.cpp.o  -o cmTC_854e8 -rdynamic  ]
  ignore line: [Using built-in specs.]
  ignore line: [COLLECT_GCC=/usr/bin/c++]
  ignore line: [COLLECT_LTO_WRAPPER=/usr/libexec/gcc/x86_64-linux-gnu/5.1.0/lto-wrapper]
  ignore line: [Target: x86_64-linux-gnu]
  ignore line: [Configured with: ./configure --prefix=/usr --disable-multilib --enable-languages=c,c++ --build=x86_64-linux-gnu]
  ignore line: [Thread model: posix]
  ignore line: [gcc version 5.1.0 (GCC) ]
  ignore line: [COMPILER_PATH=/usr/libexec/gcc/x86_64-linux-gnu/5.1.0/:/usr/libexec/gcc/x86_64-linux-gnu/5.1.0/:/usr/libexec/gcc/x86_64-linux-gnu/:/usr/lib/gcc/x86_64-linux-gnu/5.1.0/:/usr/lib/gcc/x86_64-linux-gnu/]
  ignore line: [LIBRARY_PATH=/usr/lib/gcc/x86_64-linux-gnu/5.1.0/:/usr/lib/gcc/x86_64-linux-gnu/5.1.0/../../../../lib64/:/lib/../lib64/:/usr/lib/../lib64/:/usr/lib/gcc/x86_64-linux-gnu/5.1.0/../../../:/lib/:/usr/lib/]
  ignore line: [COLLECT_GCC_OPTIONS='-v' '-o' 'cmTC_854e8' '-rdynamic' '-shared-libgcc' '-mtune=generic' '-march=x86-64']
  link line: [ /usr/libexec/gcc/x86_64-linux-gnu/5.1.0/collect2 -plugin /usr/libexec/gcc/x86_64-linux-gnu/5.1.0/liblto_plugin.so -plugin-opt=/usr/libexec/gcc/x86_64-linux-gnu/5.1.0/lto-wrapper -plugin-opt=-fresolution=/tmp/cchDvUC3.res -plugin-opt=-pass-through=-lgcc_s -plugin-opt=-pass-through=-lgcc -plugin-opt=-pass-through=-lc -plugin-opt=-pass-through=-lgcc_s -plugin-opt=-pass-through=-lgcc --eh-frame-hdr -m elf_x86_64 -export-dynamic -dynamic-linker /lib64/ld-linux-x86-64.so.2 -o cmTC_854e8 /usr/lib/gcc/x86_64-linux-gnu/5.1.0/../../../../lib64/crt1.o /usr/lib/gcc/x86_64-linux-gnu/5.1.0/../../../../lib64/crti.o /usr/lib/gcc/x86_64-linux-gnu/5.1.0/crtbegin.o -L/usr/lib/gcc/x86_64-linux-gnu/5.1.0 -L/usr/lib/gcc/x86_64-linux-gnu/5.1.0/../../../../lib64 -L/lib/../lib64 -L/usr/lib/../lib64 -L/usr/lib/gcc/x86_64-linux-gnu/5.1.0/../../.. CMakeFiles/cmTC_854e8.dir/CMakeCXXCompilerABI.cpp.o -lstdc++ -lm -lgcc_s -lgcc -lc -lgcc_s -lgcc /usr/lib/gcc/x86_64-linux-gnu/5.1.0/crtend.o /usr/lib/gcc/x86_64-linux-gnu/5.1.0/../../../../lib64/crtn.o]
    arg [/usr/libexec/gcc/x86_64-linux-gnu/5.1.0/collect2] ==> ignore
    arg [-plugin] ==> ignore
    arg [/usr/libexec/gcc/x86_64-linux-gnu/5.1.0/liblto_plugin.so] ==> ignore
    arg [-plugin-opt=/usr/libexec/gcc/x86_64-linux-gnu/5.1.0/lto-wrapper] ==> ignore
    arg [-plugin-opt=-fresolution=/tmp/cchDvUC3.res] ==> ignore
    arg [-plugin-opt=-pass-through=-lgcc_s] ==> ignore
    arg [-plugin-opt=-pass-through=-lgcc] ==> ignore
    arg [-plugin-opt=-pass-through=-lc] ==> ignore
    arg [-plugin-opt=-pass-through=-lgcc_s] ==> ignore
    arg [-plugin-opt=-pass-through=-lgcc] ==> ignore
    arg [--eh-frame-hdr] ==> ignore
    arg [-m] ==> ignore
    arg [elf_x86_64] ==> ignore
    arg [-export-dynamic] ==> ignore
    arg [-dynamic-linker] ==> ignore
    arg [/lib64/ld-linux-x86-64.so.2] ==> ignore
    arg [-o] ==> ignore
    arg [cmTC_854e8] ==> ignore
    arg [/usr/lib/gcc/x86_64-linux-gnu/5.1.0/../../../../lib64/crt1.o] ==> ignore
    arg [/usr/lib/gcc/x86_64-linux-gnu/5.1.0/../../../../lib64/crti.o] ==> ignore
    arg [/usr/lib/gcc/x86_64-linux-gnu/5.1.0/crtbegin.o] ==> ignore
    arg [-L/usr/lib/gcc/x86_64-linux-gnu/5.1.0] ==> dir [/usr/lib/gcc/x86_64-linux-gnu/5.1.0]
    arg [-L/usr/lib/gcc/x86_64-linux-gnu/5.1.0/../../../../lib64] ==> dir [/usr/lib/gcc/x86_64-linux-gnu/5.1.0/../../../../lib64]
    arg [-L/lib/../lib64] ==> dir [/lib/../lib64]
    arg [-L/usr/lib/../lib64] ==> dir [/usr/lib/../lib64]
    arg [-L/usr/lib/gcc/x86_64-linux-gnu/5.1.0/../../..] ==> dir [/usr/lib/gcc/x86_64-linux-gnu/5.1.0/../../..]
    arg [CMakeFiles/cmTC_854e8.dir/CMakeCXXCompilerABI.cpp.o] ==> ignore
    arg [-lstdc++] ==> lib [stdc++]
    arg [-lm] ==> lib [m]
    arg [-lgcc_s] ==> lib [gcc_s]
    arg [-lgcc] ==> lib [gcc]
    arg [-lc] ==> lib [c]
    arg [-lgcc_s] ==> lib [gcc_s]
    arg [-lgcc] ==> lib [gcc]
    arg [/usr/lib/gcc/x86_64-linux-gnu/5.1.0/crtend.o] ==> ignore
    arg [/usr/lib/gcc/x86_64-linux-gnu/5.1.0/../../../../lib64/crtn.o] ==> ignore
  remove lib [gcc_s]
  remove lib [gcc]
  remove lib [gcc_s]
  remove lib [gcc]
  collapse library dir [/usr/lib/gcc/x86_64-linux-gnu/5.1.0] ==> [/usr/lib/gcc/x86_64-linux-gnu/5.1.0]
  collapse library dir [/usr/lib/gcc/x86_64-linux-gnu/5.1.0/../../../../lib64] ==> [/usr/lib64]
  collapse library dir [/lib/../lib64] ==> [/lib64]
  collapse library dir [/usr/lib/../lib64] ==> [/usr/lib64]
  collapse library dir [/usr/lib/gcc/x86_64-linux-gnu/5.1.0/../../..] ==> [/usr/lib]
  implicit libs: [stdc++;m;c]
  implicit dirs: [/usr/lib/gcc/x86_64-linux-gnu/5.1.0;/usr/lib64;/lib64;/usr/lib]
  implicit fwks: []




Detecting CXX [-std=c++14] compiler features compiled with the following output:
Change Dir: /root/restbed/build/CMakeFiles/CMakeTmp

Run Build Command:"/usr/bin/gmake" "cmTC_dd175/fast"
/usr/bin/gmake -f CMakeFiles/cmTC_dd175.dir/build.make CMakeFiles/cmTC_dd175.dir/build
gmake[1]: Entering directory `/root/restbed/build/CMakeFiles/CMakeTmp'
Building CXX object CMakeFiles/cmTC_dd175.dir/feature_tests.cxx.o
/usr/bin/c++    -std=c++14 -o CMakeFiles/cmTC_dd175.dir/feature_tests.cxx.o -c /root/restbed/build/CMakeFiles/feature_tests.cxx
Linking CXX executable cmTC_dd175
/usr/local/bin/cmake -E cmake_link_script CMakeFiles/cmTC_dd175.dir/link.txt --verbose=1
/usr/bin/c++        CMakeFiles/cmTC_dd175.dir/feature_tests.cxx.o  -o cmTC_dd175 -rdynamic 
gmake[1]: Leaving directory `/root/restbed/build/CMakeFiles/CMakeTmp'


    Feature record: CXX_FEATURE:1cxx_aggregate_default_initializers
    Feature record: CXX_FEATURE:1cxx_alias_templates
    Feature record: CXX_FEATURE:1cxx_alignas
    Feature record: CXX_FEATURE:1cxx_alignof
    Feature record: CXX_FEATURE:1cxx_attributes
    Feature record: CXX_FEATURE:1cxx_attribute_deprecated
    Feature record: CXX_FEATURE:1cxx_auto_type
    Feature record: CXX_FEATURE:1cxx_binary_literals
    Feature record: CXX_FEATURE:1cxx_constexpr
    Feature record: CXX_FEATURE:1cxx_contextual_conversions
    Feature record: CXX_FEATURE:1cxx_decltype
    Feature record: CXX_FEATURE:1cxx_decltype_auto
    Feature record: CXX_FEATURE:1cxx_decltype_incomplete_return_types
    Feature record: CXX_FEATURE:1cxx_default_function_template_args
    Feature record: CXX_FEATURE:1cxx_defaulted_functions
    Feature record: CXX_FEATURE:1cxx_defaulted_move_initializers
    Feature record: CXX_FEATURE:1cxx_delegating_constructors
    Feature record: CXX_FEATURE:1cxx_deleted_functions
    Feature record: CXX_FEATURE:1cxx_digit_separators
    Feature record: CXX_FEATURE:1cxx_enum_forward_declarations
    Feature record: CXX_FEATURE:1cxx_explicit_conversions
    Feature record: CXX_FEATURE:1cxx_extended_friend_declarations
    Feature record: CXX_FEATURE:1cxx_extern_templates
    Feature record: CXX_FEATURE:1cxx_final
    Feature record: CXX_FEATURE:1cxx_func_identifier
    Feature record: CXX_FEATURE:1cxx_generalized_initializers
    Feature record: CXX_FEATURE:1cxx_generic_lambdas
    Feature record: CXX_FEATURE:1cxx_inheriting_constructors
    Feature record: CXX_FEATURE:1cxx_inline_namespaces
    Feature record: CXX_FEATURE:1cxx_lambdas
    Feature record: CXX_FEATURE:1cxx_lambda_init_captures
    Feature record: CXX_FEATURE:1cxx_local_type_template_args
    Feature record: CXX_FEATURE:1cxx_long_long_type
    Feature record: CXX_FEATURE:1cxx_noexcept
    Feature record: CXX_FEATURE:1cxx_nonstatic_member_init
    Feature record: CXX_FEATURE:1cxx_nullptr
    Feature record: CXX_FEATURE:1cxx_override
    Feature record: CXX_FEATURE:1cxx_range_for
    Feature record: CXX_FEATURE:1cxx_raw_string_literals
    Feature record: CXX_FEATURE:1cxx_reference_qualified_functions
    Feature record: CXX_FEATURE:1cxx_relaxed_constexpr
    Feature record: CXX_FEATURE:1cxx_return_type_deduction
    Feature record: CXX_FEATURE:1cxx_right_angle_brackets
    Feature record: CXX_FEATURE:1cxx_rvalue_references
    Feature record: CXX_FEATURE:1cxx_sizeof_member
    Feature record: CXX_FEATURE:1cxx_static_assert
    Feature record: CXX_FEATURE:1cxx_strong_enums
    Feature record: CXX_FEATURE:1cxx_template_template_parameters
    Feature record: CXX_FEATURE:1cxx_thread_local
    Feature record: CXX_FEATURE:1cxx_trailing_return_types
    Feature record: CXX_FEATURE:1cxx_unicode_literals
    Feature record: CXX_FEATURE:1cxx_uniform_initialization
    Feature record: CXX_FEATURE:1cxx_unrestricted_unions
    Feature record: CXX_FEATURE:1cxx_user_literals
    Feature record: CXX_FEATURE:1cxx_variable_templates
    Feature record: CXX_FEATURE:1cxx_variadic_macros
    Feature record: CXX_FEATURE:1cxx_variadic_templates


Detecting CXX [-std=c++11] compiler features compiled with the following output:
Change Dir: /root/restbed/build/CMakeFiles/CMakeTmp

Run Build Command:"/usr/bin/gmake" "cmTC_6b12a/fast"
/usr/bin/gmake -f CMakeFiles/cmTC_6b12a.dir/build.make CMakeFiles/cmTC_6b12a.dir/build
gmake[1]: Entering directory `/root/restbed/build/CMakeFiles/CMakeTmp'
Building CXX object CMakeFiles/cmTC_6b12a.dir/feature_tests.cxx.o
/usr/bin/c++    -std=c++11 -o CMakeFiles/cmTC_6b12a.dir/feature_tests.cxx.o -c /root/restbed/build/CMakeFiles/feature_tests.cxx
Linking CXX executable cmTC_6b12a
/usr/local/bin/cmake -E cmake_link_script CMakeFiles/cmTC_6b12a.dir/link.txt --verbose=1
/usr/bin/c++        CMakeFiles/cmTC_6b12a.dir/feature_tests.cxx.o  -o cmTC_6b12a -rdynamic 
gmake[1]: Leaving directory `/root/restbed/build/CMakeFiles/CMakeTmp'


    Feature record: CXX_FEATURE:0cxx_aggregate_default_initializers
    Feature record: CXX_FEATURE:1cxx_alias_templates
    Feature record: CXX_FEATURE:1cxx_alignas
    Feature record: CXX_FEATURE:1cxx_alignof
    Feature record: CXX_FEATURE:1cxx_attributes
    Feature record: CXX_FEATURE:0cxx_attribute_deprecated
    Feature record: CXX_FEATURE:1cxx_auto_type
    Feature record: CXX_FEATURE:0cxx_binary_literals
    Feature record: CXX_FEATURE:1cxx_constexpr
    Feature record: CXX_FEATURE:0cxx_contextual_conversions
    Feature record: CXX_FEATURE:1cxx_decltype
    Feature record: CXX_FEATURE:0cxx_decltype_auto
    Feature record: CXX_FEATURE:1cxx_decltype_incomplete_return_types
    Feature record: CXX_FEATURE:1cxx_default_function_template_args
    Feature record: CXX_FEATURE:1cxx_defaulted_functions
    Feature record: CXX_FEATURE:1cxx_defaulted_move_initializers
    Feature record: CXX_FEATURE:1cxx_delegating_constructors
    Feature record: CXX_FEATURE:1cxx_deleted_functions
    Feature record: CXX_FEATURE:0cxx_digit_separators
    Feature record: CXX_FEATURE:1cxx_enum_forward_declarations
    Feature record: CXX_FEATURE:1cxx_explicit_conversions
    Feature record: CXX_FEATURE:1cxx_extended_friend_declarations
    Feature record: CXX_FEATURE:1cxx_extern_templates
    Feature record: CXX_FEATURE:1cxx_final
    Feature record: CXX_FEATURE:1cxx_func_identifier
    Feature record: CXX_FEATURE:1cxx_generalized_initializers
    Feature record: CXX_FEATURE:0cxx_generic_lambdas
    Feature record: CXX_FEATURE:1cxx_inheriting_constructors
    Feature record: CXX_FEATURE:1cxx_inline_namespaces
    Feature record: CXX_FEATURE:1cxx_lambdas
    Feature record: CXX_FEATURE:0cxx_lambda_init_captures
    Feature record: CXX_FEATURE:1cxx_local_type_template_args
    Feature record: CXX_FEATURE:1cxx_long_long_type
    Feature record: CXX_FEATURE:1cxx_noexcept
    Feature record: CXX_FEATURE:1cxx_nonstatic_member_init
    Feature record: CXX_FEATURE:1cxx_nullptr
    Feature record: CXX_FEATURE:1cxx_override
    Feature record: CXX_FEATURE:1cxx_range_for
    Feature record: CXX_FEATURE:1cxx_raw_string_literals
    Feature record: CXX_FEATURE:1cxx_reference_qualified_functions
    Feature record: CXX_FEATURE:0cxx_relaxed_constexpr
    Feature record: CXX_FEATURE:0cxx_return_type_deduction
    Feature record: CXX_FEATURE:1cxx_right_angle_brackets
    Feature record: CXX_FEATURE:1cxx_rvalue_references
    Feature record: CXX_FEATURE:1cxx_sizeof_member
    Feature record: CXX_FEATURE:1cxx_static_assert
    Feature record: CXX_FEATURE:1cxx_strong_enums
    Feature record: CXX_FEATURE:1cxx_template_template_parameters
    Feature record: CXX_FEATURE:1cxx_thread_local
    Feature record: CXX_FEATURE:1cxx_trailing_return_types
    Feature record: CXX_FEATURE:1cxx_unicode_literals
    Feature record: CXX_FEATURE:1cxx_uniform_initialization
    Feature record: CXX_FEATURE:1cxx_unrestricted_unions
    Feature record: CXX_FEATURE:1cxx_user_literals
    Feature record: CXX_FEATURE:0cxx_variable_templates
    Feature record: CXX_FEATURE:1cxx_variadic_macros
    Feature record: CXX_FEATURE:1cxx_variadic_templates


Detecting CXX [-std=c++98] compiler features compiled with the following output:
Change Dir: /root/restbed/build/CMakeFiles/CMakeTmp

Run Build Command:"/usr/bin/gmake" "cmTC_04e1b/fast"
/usr/bin/gmake -f CMakeFiles/cmTC_04e1b.dir/build.make CMakeFiles/cmTC_04e1b.dir/build
gmake[1]: Entering directory `/root/restbed/build/CMakeFiles/CMakeTmp'
Building CXX object CMakeFiles/cmTC_04e1b.dir/feature_tests.cxx.o
/usr/bin/c++    -std=c++98 -o CMakeFiles/cmTC_04e1b.dir/feature_tests.cxx.o -c /root/restbed/build/CMakeFiles/feature_tests.cxx
Linking CXX executable cmTC_04e1b
/usr/local/bin/cmake -E cmake_link_script CMakeFiles/cmTC_04e1b.dir/link.txt --verbose=1
/usr/bin/c++        CMakeFiles/cmTC_04e1b.dir/feature_tests.cxx.o  -o cmTC_04e1b -rdynamic 
gmake[1]: Leaving directory `/root/restbed/build/CMakeFiles/CMakeTmp'


    Feature record: CXX_FEATURE:0cxx_aggregate_default_initializers
    Feature record: CXX_FEATURE:0cxx_alias_templates
    Feature record: CXX_FEATURE:0cxx_alignas
    Feature record: CXX_FEATURE:0cxx_alignof
    Feature record: CXX_FEATURE:0cxx_attributes
    Feature record: CXX_FEATURE:0cxx_attribute_deprecated
    Feature record: CXX_FEATURE:0cxx_auto_type
    Feature record: CXX_FEATURE:0cxx_binary_literals
    Feature record: CXX_FEATURE:0cxx_constexpr
    Feature record: CXX_FEATURE:0cxx_contextual_conversions
    Feature record: CXX_FEATURE:0cxx_decltype
    Feature record: CXX_FEATURE:0cxx_decltype_auto
    Feature record: CXX_FEATURE:0cxx_decltype_incomplete_return_types
    Feature record: CXX_FEATURE:0cxx_default_function_template_args
    Feature record: CXX_FEATURE:0cxx_defaulted_functions
    Feature record: CXX_FEATURE:0cxx_defaulted_move_initializers
    Feature record: CXX_FEATURE:0cxx_delegating_constructors
    Feature record: CXX_FEATURE:0cxx_deleted_functions
    Feature record: CXX_FEATURE:0cxx_digit_separators
    Feature record: CXX_FEATURE:0cxx_enum_forward_declarations
    Feature record: CXX_FEATURE:0cxx_explicit_conversions
    Feature record: CXX_FEATURE:0cxx_extended_friend_declarations
    Feature record: CXX_FEATURE:0cxx_extern_templates
    Feature record: CXX_FEATURE:0cxx_final
    Feature record: CXX_FEATURE:0cxx_func_identifier
    Feature record: CXX_FEATURE:0cxx_generalized_initializers
    Feature record: CXX_FEATURE:0cxx_generic_lambdas
    Feature record: CXX_FEATURE:0cxx_inheriting_constructors
    Feature record: CXX_FEATURE:0cxx_inline_namespaces
    Feature record: CXX_FEATURE:0cxx_lambdas
    Feature record: CXX_FEATURE:0cxx_lambda_init_captures
    Feature record: CXX_FEATURE:0cxx_local_type_template_args
    Feature record: CXX_FEATURE:0cxx_long_long_type
    Feature record: CXX_FEATURE:0cxx_noexcept
    Feature record: CXX_FEATURE:0cxx_nonstatic_member_init
    Feature record: CXX_FEATURE:0cxx_nullptr
    Feature record: CXX_FEATURE:0cxx_override
    Feature record: CXX_FEATURE:0cxx_range_for
    Feature record: CXX_FEATURE:0cxx_raw_string_literals
    Feature record: CXX_FEATURE:0cxx_reference_qualified_functions
    Feature record: CXX_FEATURE:0cxx_relaxed_constexpr
    Feature record: CXX_FEATURE:0cxx_return_type_deduction
    Feature record: CXX_FEATURE:0cxx_right_angle_brackets
    Feature record: CXX_FEATURE:0cxx_rvalue_references
    Feature record: CXX_FEATURE:0cxx_sizeof_member
    Feature record: CXX_FEATURE:0cxx_static_assert
    Feature record: CXX_FEATURE:0cxx_strong_enums
    Feature record: CXX_FEATURE:1cxx_template_template_parameters
    Feature record: CXX_FEATURE:0cxx_thread_local
    Feature record: CXX_FEATURE:0cxx_trailing_return_types
    Feature record: CXX_FEATURE:0cxx_unicode_literals
    Feature record: CXX_FEATURE:0cxx_uniform_initialization
    Feature record: CXX_FEATURE:0cxx_unrestricted_unions
    Feature record: CXX_FEATURE:0cxx_user_literals
    Feature record: CXX_FEATURE:0cxx_variable_templates
    Feature record: CXX_FEATURE:0cxx_variadic_macros
    Feature record: CXX_FEATURE:0cxx_variadic_templates
